#
# A fatal error has been detected by the Java Runtime Environment:
#
#  Internal Error (os_windows_x86.cpp:114), pid=3636, tid=6612
#  Error: guarantee(result == -1,"Unexpected result from topLevelExceptionFilter")
#
# JRE version: 6.0_17-b04
# Java VM: Java HotSpot(TM) 64-Bit Server VM (14.3-b01 mixed mode windows-amd64 )
# If you would like to submit a bug report, please visit:
#   http://java.sun.com/webapps/bugreport/crash.jsp
# The crash happened outside the Java Virtual Machine in native code.
# See problematic frame for where to report the bug.
#

---------------  T H R E A D  ---------------

Current thread (0x0000000004cce800):  JavaThread "main" [_thread_in_native, id=6612, stack(0x0000000000160000,0x0000000004160000)]

Stack: [0x0000000000160000,0x0000000004160000]
[error occurred during error reporting (printing stack bounds), id 0xc0000005]

Java frames: (J=compiled Java code, j=interpreted, Vv=VM code)
j  com.mathworks.jmi.NativeMatlab.ProcessPendingEvents()Z+0
j  com.mathworks.jmi.NativeMatlab.processPendingEvents()Z+8
j  com.mathworks.jmi.Matlab$ProcessPendingEvents.callBooleanMethod(Ljava/lang/Object;)Z+0
j  com.mathworks.util.FactoryUtils.processPendingEvents()Z+12
j  com.mathworks.mde.desk.MLDesktop.canClose()Z+84
j  com.mathworks.mde.desk.MLDesktop$2.call()Ljava/lang/Boolean;+4
j  com.mathworks.mde.desk.MLDesktop$2.call()Ljava/lang/Object;+1
j  com.mathworks.jmi.Matlab.isOkToExit()Z+54
v  ~StubRoutines::call_stub
j  com.mathworks.jmi.NativeMatlab.SendMatlabMessage(Ljava/lang/Object;)Ljava/lang/Object;+0
j  com.mathworks.jmi.NativeMatlab.sendMatlabMessage(Ljava/lang/Object;)Ljava/lang/Object;+22
j  com.mathworks.jmi.MatlabLooper.sendMatlabMessage(Lcom/mathworks/services/message/MWMessage;)Ljava/lang/Object;+20
j  com.mathworks.jmi.Matlab.mtFevalConsoleOutput(Ljava/lang/String;[Ljava/lang/Object;I)Ljava/lang/Object;+58
j  com.mathworks.mde.desk.MLDesktop$9.run()V+14
j  com.mathworks.jmi.NativeMatlab.dispatchMTRequests(Z)V+57
v  ~StubRoutines::call_stub

---------------  P R O C E S S  ---------------

Java Threads: ( => current thread )
  0x000000005d780000 JavaThread "Code Analyzer updating thread" [_thread_blocked, id=6728, stack(0x0000000021680000,0x0000000021700000)]
  0x000000005d77a000 JavaThread "Code Analyzer updating thread" [_thread_blocked, id=6948, stack(0x0000000025250000,0x00000000252d0000)]
  0x000000005d784000 JavaThread "Code Analyzer updating thread" [_thread_blocked, id=4904, stack(0x00000000607e0000,0x0000000060860000)]
  0x000000005d785800 JavaThread "Code Analyzer updating thread" [_thread_blocked, id=3292, stack(0x0000000022bd0000,0x0000000022c50000)]
  0x000000005d783800 JavaThread "Code Analyzer updating thread" [_thread_blocked, id=1320, stack(0x0000000060ad0000,0x0000000060b50000)]
  0x000000005d782800 JavaThread "Code Analyzer updating thread" [_thread_blocked, id=6344, stack(0x000000005dc30000,0x000000005dcb0000)]
  0x000000005d782000 JavaThread "Code Analyzer updating thread" [_thread_blocked, id=2196, stack(0x0000000060dd0000,0x0000000060e50000)]
  0x000000005d781000 JavaThread "Code Analyzer updating thread" [_thread_blocked, id=6980, stack(0x00000000609b0000,0x0000000060a30000)]
  0x000000005d780800 JavaThread "Active Reference Queue Daemon" daemon [_thread_blocked, id=4680, stack(0x0000000060b50000,0x0000000060bd0000)]
  0x000000005d77e800 JavaThread "Timer-8" daemon [_thread_blocked, id=4784, stack(0x0000000060a40000,0x0000000060ac0000)]
  0x000000005d77d000 JavaThread "Timer-7" daemon [_thread_blocked, id=5456, stack(0x000000005a870000,0x000000005a8f0000)]
  0x000000005d77f000 JavaThread "RequestQueue for GenericFileList" [_thread_blocked, id=5108, stack(0x0000000060eb0000,0x0000000060f30000)]
  0x000000005d77b800 JavaThread "Prefs Updater" daemon [_thread_blocked, id=6112, stack(0x0000000060300000,0x0000000060380000)]
  0x000000005d77a800 JavaThread "Timer-1" [_thread_blocked, id=6904, stack(0x00000000606b0000,0x0000000060730000)]
  0x000000005d779800 JavaThread "FelixPackageAdmin" daemon [_thread_blocked, id=1924, stack(0x0000000060280000,0x0000000060300000)]
  0x000000005d16f800 JavaThread "FelixStartLevel" daemon [_thread_blocked, id=6372, stack(0x000000004dec0000,0x000000004df40000)]
  0x000000005ce1b800 JavaThread "FelixDispatchQueue" daemon [_thread_blocked, id=3324, stack(0x00000000601c0000,0x0000000060240000)]
  0x000000005ca7e000 JavaThread "TimerQueue" daemon [_thread_blocked, id=6892, stack(0x000000005d8e0000,0x000000005d960000)]
  0x000000005c82a800 JavaThread "AWT-EventQueue-0" [_thread_blocked, id=6684, stack(0x000000004de10000,0x000000004de90000)]
  0x000000005ebd3800 JavaThread "AWT-Shutdown" [_thread_blocked, id=4676, stack(0x000000001d300000,0x000000001d380000)]
  0x000000005cd07000 JavaThread "com.google.common.base.internal.Finalizer" daemon [_thread_blocked, id=1060, stack(0x0000000051f60000,0x0000000051fe0000)]
  0x000000005ceaf800 JavaThread "AWT-Windows" daemon [_thread_in_native, id=6736, stack(0x000000001d280000,0x000000001d300000)]
  0x000000005ceac000 JavaThread "Java2D Disposer" daemon [_thread_blocked, id=5260, stack(0x0000000011170000,0x00000000111f0000)]
  0x000000005ca81800 JavaThread "Timer-0" [_thread_blocked, id=5896, stack(0x0000000010f60000,0x0000000010fe0000)]
  0x000000005c921800 JavaThread "JMI Unnamed Thread" [_thread_in_native, id=3996, stack(0x000000000bb70000,0x000000000fb70000)]
  0x000000004dd20000 JavaThread "Low Memory Detector" daemon [_thread_blocked, id=5516, stack(0x000000000ff30000,0x000000000ffb0000)]
  0x000000004dd18800 JavaThread "CompilerThread1" daemon [_thread_blocked, id=4928, stack(0x0000000056160000,0x000000005a160000)]
  0x000000004dd16000 JavaThread "CompilerThread0" daemon [_thread_blocked, id=3844, stack(0x0000000052100000,0x0000000056100000)]
  0x000000004dccd800 JavaThread "Attach Listener" daemon [_thread_blocked, id=6924, stack(0x0000000010e90000,0x0000000010f10000)]
  0x000000004dcb3800 JavaThread "Finalizer" daemon [_thread_blocked, id=2176, stack(0x0000000007a10000,0x0000000007a90000)]
  0x000000004dcb3000 JavaThread "Reference Handler" daemon [_thread_blocked, id=6536, stack(0x0000000007990000,0x0000000007a10000)]
=>0x0000000004cce800 JavaThread "main" [_thread_in_native, id=6612, stack(0x0000000000160000,0x0000000004160000)]

Other Threads:
  0x0000000004dcf800 VMThread [stack: 0x000000004df60000,0x0000000051f60000] [id=7088]
  0x000000004dd66800 WatcherThread [stack: 0x0000000068710000,0x000000006c710000] [id=580]

VM state:not at safepoint (normal execution)

VM Mutex/Monitor currently owned by a thread: None

Heap
 PSYoungGen      total 12864K, used 5089K [0x000000003a820000, 0x000000003b820000, 0x000000003d920000)
  eden space 9344K, 35% used [0x000000003a820000,0x000000003ab5a820,0x000000003b140000)
  from space 3520K, 50% used [0x000000003b140000,0x000000003b2fdfa8,0x000000003b4b0000)
  to   space 3520K, 0% used [0x000000003b4b0000,0x000000003b4b0000,0x000000003b820000)
 PSOldGen        total 63168K, used 62127K [0x0000000031520000, 0x00000000352d0000, 0x000000003a820000)
  object space 63168K, 98% used [0x0000000031520000,0x00000000351cbe90,0x00000000352d0000)
 PSPermGen       total 98240K, used 60632K [0x0000000029520000, 0x000000002f510000, 0x0000000031520000)
  object space 98240K, 61% used [0x0000000029520000,0x000000002d056038,0x000000002f510000)

Dynamic libraries:
0x000000013f2e0000 - 0x000000013f309000 	D:\Program Files (x86)\MATLAB\bin\win64\MATLAB.exe
0x0000000077bf0000 - 0x0000000077d99000 	C:\Windows\SYSTEM32\ntdll.dll
0x0000000077ad0000 - 0x0000000077bef000 	C:\Windows\system32\kernel32.dll
0x000007fefdb60000 - 0x000007fefdbcc000 	C:\Windows\system32\KERNELBASE.dll
0x0000000074460000 - 0x0000000074563000 	D:\Program Files (x86)\MATLAB\bin\win64\libut.dll
0x00000000758a0000 - 0x0000000075944000 	D:\Program Files (x86)\MATLAB\bin\win64\libmwi18n.dll
0x0000000180000000 - 0x000000018000b000 	D:\Program Files (x86)\MATLAB\bin\win64\libmwresource_core.dll
0x00000000683d0000 - 0x00000000684a3000 	C:\Windows\WinSxS\amd64_microsoft.vc90.crt_1fc8b3b9a1e18e3b_9.0.30729.4940_none_08e4299fa83d7e3c\MSVCP90.dll
0x00000000684f0000 - 0x000000006858d000 	C:\Windows\WinSxS\amd64_microsoft.vc90.crt_1fc8b3b9a1e18e3b_9.0.30729.4940_none_08e4299fa83d7e3c\MSVCR90.dll
0x000000007a170000 - 0x000000007a19c000 	D:\Program Files (x86)\MATLAB\bin\win64\boost_filesystem-vc90-mt-1_44.dll
0x000000007a560000 - 0x000000007a569000 	D:\Program Files (x86)\MATLAB\bin\win64\boost_system-vc90-mt-1_44.dll
0x000007fefe6c0000 - 0x000007fefe79b000 	C:\Windows\system32\ADVAPI32.dll
0x000007feffb60000 - 0x000007feffbff000 	C:\Windows\system32\msvcrt.dll
0x000007fefe340000 - 0x000007fefe35f000 	C:\Windows\SYSTEM32\sechost.dll
0x000007fefde50000 - 0x000007fefdf7d000 	C:\Windows\system32\RPCRT4.dll
0x000000007a010000 - 0x000000007a035000 	D:\Program Files (x86)\MATLAB\bin\win64\LIBEXPAT.dll
0x00000000681d0000 - 0x00000000683c1000 	D:\Program Files (x86)\MATLAB\bin\win64\icuin44.dll
0x0000000068050000 - 0x00000000681c1000 	D:\Program Files (x86)\MATLAB\bin\win64\icuuc44.dll
0x0000000010000000 - 0x0000000010e41000 	D:\Program Files (x86)\MATLAB\bin\win64\icudt44.dll
0x0000000073f70000 - 0x00000000740b5000 	D:\Program Files (x86)\MATLAB\bin\win64\libmwfl.dll
0x000000007a350000 - 0x000000007a556000 	D:\Program Files (x86)\MATLAB\bin\win64\libmwMATLAB_res.dll
0x0000000004160000 - 0x0000000004170000 	D:\Program Files (x86)\MATLAB\bin\win64\boost_date_time-vc90-mt-1_44.dll
0x000000007a250000 - 0x000000007a263000 	D:\Program Files (x86)\MATLAB\bin\win64\boost_signals-vc90-mt-1_44.dll
0x000000007a2d0000 - 0x000000007a2e2000 	D:\Program Files (x86)\MATLAB\bin\win64\boost_thread-vc90-mt-1_44.dll
0x00000000041a0000 - 0x00000000041e6000 	D:\Program Files (x86)\MATLAB\bin\win64\tbb.dll
0x000007fefe360000 - 0x000007fefe379000 	C:\Windows\system32\imagehlp.dll
0x0000000077dc0000 - 0x0000000077dc7000 	C:\Windows\system32\PSAPI.DLL
0x0000000068670000 - 0x0000000068683000 	D:\Program Files (x86)\MATLAB\bin\win64\icuio44.dll
0x000007fee2890000 - 0x000007fee29b5000 	C:\Windows\system32\dbghelp.dll
0x00000000779d0000 - 0x0000000077aca000 	C:\Windows\system32\USER32.dll
0x000007fefe650000 - 0x000007fefe6b7000 	C:\Windows\system32\GDI32.dll
0x000007feff600000 - 0x000007feff60e000 	C:\Windows\system32\LPK.dll
0x000007feff530000 - 0x000007feff5f9000 	C:\Windows\system32\USP10.dll
0x000000007bed0000 - 0x000000007c148000 	D:\Program Files (x86)\MATLAB\bin\win64\libmwservices.dll
0x0000000075a20000 - 0x0000000075ad5000 	D:\Program Files (x86)\MATLAB\bin\win64\libmx.dll
0x000000007a210000 - 0x000000007a228000 	D:\Program Files (x86)\MATLAB\bin\win64\zlib1.dll
0x0000000074330000 - 0x0000000074453000 	D:\Program Files (x86)\MATLAB\bin\win64\libmwmathutil.dll
0x0000000075f10000 - 0x0000000075f5d000 	D:\Program Files (x86)\MATLAB\bin\win64\mpath.dll
0x000000007b680000 - 0x000000007bb4d000 	D:\Program Files (x86)\MATLAB\bin\win64\mlutil.dll
0x00000000685f0000 - 0x000000006866f000 	D:\Program Files (x86)\MATLAB\bin\win64\xmlcore.dll
0x000000007bc30000 - 0x000000007be83000 	D:\Program Files (x86)\MATLAB\bin\win64\xerces-c_2_7.dll
0x000007feffc80000 - 0x000007feffccd000 	C:\Windows\system32\WS2_32.dll
0x000007feff610000 - 0x000007feff618000 	C:\Windows\system32\NSI.dll
0x0000000004290000 - 0x00000000042a6000 	D:\Program Files (x86)\MATLAB\bin\win64\libmwsettings_res.dll
0x00000000043c0000 - 0x0000000004407000 	D:\Program Files (x86)\MATLAB\bin\win64\boost_serialization-vc90-mt-1_44.dll
0x000007fefe7a0000 - 0x000007feff528000 	C:\Windows\system32\SHELL32.dll
0x000007feffc00000 - 0x000007feffc71000 	C:\Windows\system32\SHLWAPI.dll
0x000007fef8330000 - 0x000007fef83d0000 	C:\Windows\WinSxS\amd64_microsoft.windows.common-controls_6595b64144ccf1df_5.82.7601.18201_none_a4d3b9377117c3df\COMCTL32.dll
0x000007feffe60000 - 0x000007feffef7000 	C:\Windows\system32\COMDLG32.dll
0x000007fefb590000 - 0x000007fefb5a6000 	C:\Windows\system32\NETAPI32.dll
0x000007fefb580000 - 0x000007fefb58c000 	C:\Windows\system32\netutils.dll
0x000007fefd490000 - 0x000007fefd4b3000 	C:\Windows\system32\srvcli.dll
0x000007fefb560000 - 0x000007fefb575000 	C:\Windows\system32\wkscli.dll
0x000007fefe020000 - 0x000007fefe223000 	C:\Windows\system32\ole32.dll
0x000007fefdd70000 - 0x000007fefde47000 	C:\Windows\system32\OLEAUT32.dll
0x0000000074970000 - 0x0000000074a41000 	D:\Program Files (x86)\MATLAB\bin\win64\mcr.dll
0x0000000075000000 - 0x0000000075324000 	D:\Program Files (x86)\MATLAB\bin\win64\iqm.dll
0x000000005dff0000 - 0x000000005e7c0000 	D:\Program Files (x86)\MATLAB\bin\win64\m_interpreter.dll
0x00000000684d0000 - 0x00000000684e5000 	D:\Program Files (x86)\MATLAB\bin\win64\libmex.dll
0x0000000067fa0000 - 0x000000006804e000 	D:\Program Files (x86)\MATLAB\bin\win64\m_dispatcher.dll
0x0000000074880000 - 0x000000007496d000 	D:\Program Files (x86)\MATLAB\bin\win64\boost_regex-vc90-mt-1_44.dll
0x0000000062a60000 - 0x0000000062ae4000 	D:\Program Files (x86)\MATLAB\bin\win64\profiler.dll
0x0000000079f40000 - 0x0000000079f73000 	D:\Program Files (x86)\MATLAB\bin\win64\libmwmathrng.dll
0x0000000074c10000 - 0x0000000074cea000 	D:\Program Files (x86)\MATLAB\bin\win64\libmwmathcore.dll
0x0000000076160000 - 0x00000000761cb000 	D:\Program Files (x86)\MATLAB\bin\win64\libmwspmatrix.dll
0x0000000075ea0000 - 0x0000000075f02000 	D:\Program Files (x86)\MATLAB\bin\win64\libmwcholmod.dll
0x00000000044d0000 - 0x00000000044dd000 	D:\Program Files (x86)\MATLAB\bin\win64\libmwamd.dll
0x00000000044f0000 - 0x00000000044fc000 	D:\Program Files (x86)\MATLAB\bin\win64\libmwcolamd.dll
0x00000000684b0000 - 0x00000000684c9000 	D:\Program Files (x86)\MATLAB\bin\win64\libmwblas.dll
0x0000000064790000 - 0x00000000647a2000 	D:\Program Files (x86)\MATLAB\bin\win64\libmwbinder.dll
0x0000000067f90000 - 0x0000000067f9b000 	D:\Program Files (x86)\MATLAB\bin\win64\libmwompwrapper.dll
0x0000000062e80000 - 0x0000000062f02000 	D:\Program Files (x86)\MATLAB\bin\win64\libmwlapack.dll
0x0000000062d80000 - 0x0000000062da1000 	D:\Program Files (x86)\MATLAB\bin\win64\m_pcodeio.dll
0x0000000079b10000 - 0x0000000079b77000 	D:\Program Files (x86)\MATLAB\bin\win64\m_ir.dll
0x000000005b9a0000 - 0x000000005bfe0000 	D:\Program Files (x86)\MATLAB\bin\win64\m_parser.dll
0x0000000067f70000 - 0x0000000067f8a000 	D:\Program Files (x86)\MATLAB\bin\win64\ir_xfmr.dll
0x000000005dd60000 - 0x000000005dfe5000 	D:\Program Files (x86)\MATLAB\bin\win64\mcos.dll
0x00000000737b0000 - 0x00000000737bc000 	D:\Program Files (x86)\MATLAB\bin\win64\mtok.dll
0x0000000062a20000 - 0x0000000062a51000 	D:\Program Files (x86)\MATLAB\bin\win64\m_pcodegen.dll
0x0000000079fb0000 - 0x0000000079fe5000 	D:\Program Files (x86)\MATLAB\bin\win64\libmwbridge.dll
0x0000000062950000 - 0x0000000062a18000 	D:\Program Files (x86)\MATLAB\bin\win64\udd.dll
0x0000000062800000 - 0x0000000062947000 	D:\Program Files (x86)\MATLAB\bin\win64\libmwgui.dll
0x0000000062dc0000 - 0x0000000062dd7000 	D:\Program Files (x86)\MATLAB\bin\win64\graphics_util.dll
0x000000005aff0000 - 0x000000005b9a0000 	D:\Program Files (x86)\MATLAB\bin\win64\hg.dll
0x0000000076100000 - 0x0000000076158000 	D:\Program Files (x86)\MATLAB\bin\win64\libmat.dll
0x0000000072d30000 - 0x0000000072f44000 	D:\Program Files (x86)\MATLAB\bin\win64\hdf5dll.dll
0x0000000075710000 - 0x000000007579d000 	D:\Program Files (x86)\MATLAB\bin\win64\jmi.dll
0x0000000004640000 - 0x000000000464e000 	D:\Program Files (x86)\MATLAB\bin\win64\nativejava_services.dll
0x00000000627b0000 - 0x00000000627f3000 	D:\Program Files (x86)\MATLAB\bin\win64\libmwhardcopy.dll
0x0000000062740000 - 0x00000000627a3000 	D:\Program Files (x86)\MATLAB\bin\win64\libuij.dll
0x000000005ade0000 - 0x000000005afe7000 	D:\Program Files (x86)\MATLAB\bin\win64\hgdatatypes.dll
0x0000000061300000 - 0x00000000613f9000 	D:\Program Files (x86)\MATLAB\bin\win64\hgutils.dll
0x0000000061240000 - 0x00000000612fd000 	D:\Program Files (x86)\MATLAB\bin\win64\udd_mi.dll
0x00000000046b0000 - 0x0000000004979000 	D:\Program Files (x86)\MATLAB\bin\win64\uiw.dll
0x0000000062f80000 - 0x0000000062f8f000 	D:\Program Files (x86)\MATLAB\bin\win64\uinone.dll
0x000007fef82a0000 - 0x000007fef82b8000 	C:\Windows\system32\MPR.dll
0x000000005a8f0000 - 0x000000005add4000 	C:\Windows\WinSxS\amd64_microsoft.vc90.mfc_1fc8b3b9a1e18e3b_9.0.30729.4148_none_04480933ab2137b1\mfc90.dll
0x000007fefb280000 - 0x000007fefb287000 	C:\Windows\system32\MSIMG32.dll
0x000007fef9230000 - 0x000007fef92a1000 	C:\Windows\system32\WINSPOOL.DRV
0x0000000062710000 - 0x0000000062731000 	D:\Program Files (x86)\MATLAB\bin\win64\mwoles05.DLL
0x0000000060910000 - 0x0000000060985000 	D:\Program Files (x86)\MATLAB\bin\win64\comcli.dll
0x00000000608e0000 - 0x000000006090f000 	C:\Windows\WinSxS\amd64_microsoft.vc90.atl_1fc8b3b9a1e18e3b_9.0.30729.4148_none_0a1d2fcba76b3f00\ATL90.DLL
0x0000000067750000 - 0x000000006775c000 	D:\Program Files (x86)\MATLAB\bin\win64\mlautoregister.dll
0x00000000049d0000 - 0x00000000049e0000 	D:\Program Files (x86)\MATLAB\bin\win64\boost_iostreams-vc90-mt-1_44.dll
0x000007feffb30000 - 0x000007feffb5e000 	C:\Windows\system32\IMM32.DLL
0x000007fefe230000 - 0x000007fefe339000 	C:\Windows\system32\MSCTF.dll
0x000007fefc0b0000 - 0x000007fefc106000 	C:\Windows\system32\UxTheme.dll
0x000007fefbcd0000 - 0x000007fefbce8000 	C:\Windows\system32\dwmapi.dll
0x0000000062f70000 - 0x0000000062f79000 	C:\Windows\WinSxS\amd64_microsoft.vc90.mfcloc_1fc8b3b9a1e18e3b_9.0.30729.4148_none_01c6b44660ce74c3\MFC90CHS.DLL
0x0000000004bd0000 - 0x0000000004bf9000 	D:\Program Files (x86)\MATLAB\bin\win64\tbbmalloc.dll
0x000007fefd9c0000 - 0x000007fefd9cf000 	C:\Windows\system32\profapi.dll
0x000007fefb1c0000 - 0x000007fefb1e7000 	C:\Windows\system32\iphlpapi.dll
0x000007fefb1b0000 - 0x000007fefb1bb000 	C:\Windows\system32\WINNSI.DLL
0x000007fefd010000 - 0x000007fefd06b000 	C:\Windows\system32\DNSAPI.dll
0x000007fefafa0000 - 0x000007fefafb1000 	C:\Windows\system32\dhcpcsvc6.DLL
0x000007fefafc0000 - 0x000007fefafd8000 	C:\Windows\system32\dhcpcsvc.DLL
0x0000000062e70000 - 0x0000000062e73000 	C:\Windows\system32\icmp.Dll
0x000007fefd850000 - 0x000007fefd85f000 	C:\Windows\system32\CRYPTBASE.dll
0x000007fefd9d0000 - 0x000007fefda06000 	C:\Windows\system32\CFGMGR32.dll
0x0000000007370000 - 0x00000000073a6000 	C:\Program Files (x86)\MyDrivers\DriverGenius2013\dghmpg64.dll
0x0000000078870000 - 0x0000000078ecd000 	D:\Program Files (x86)\MATLAB\sys\java\jre\win64\jre\bin\server\jvm.dll
0x000007fef8c00000 - 0x000007fef8c3b000 	C:\Windows\system32\WINMM.dll
0x0000000006a50000 - 0x0000000006a5e000 	D:\Program Files (x86)\MATLAB\sys\java\jre\win64\jre\bin\verify.dll
0x000000007a070000 - 0x000000007a097000 	D:\Program Files (x86)\MATLAB\sys\java\jre\win64\jre\bin\java.dll
0x00000000073b0000 - 0x00000000073ba000 	D:\Program Files (x86)\MATLAB\sys\java\jre\win64\jre\bin\hpi.dll
0x00000000074f0000 - 0x0000000007502000 	D:\Program Files (x86)\MATLAB\sys\java\jre\win64\jre\bin\zip.dll
0x0000000075b90000 - 0x0000000075bfb000 	D:\Program Files (x86)\MATLAB\sys\java\jre\win64\jre\bin\fontmanager.dll
0x0000000073150000 - 0x0000000073311000 	D:\Program Files (x86)\MATLAB\sys\java\jre\win64\jre\bin\awt.dll

VM Arguments:
jvm_args: -Xss512k -XX:PermSize=32m -Xms64m -XX:NewRatio=3 -XX:MaxPermSize=128m -Xmx196m -XX:MaxDirectMemorySize=2147400000 -Dsun.java2d.noddraw=true -Dsun.awt.nopixfmt=true -Xshare:off -Xrs -Dsun.awt.disableMixing=true -Djava.library.path=D:\Program Files (x86)\MATLAB\bin\win64 vfprintf abort 
java_command: <unknown>
Launcher Type: generic

Environment Variables:
JAVA_HOME=C:\Program Files (x86)\Java\jdk1.7.0_07
CLASSPATH=.;C:\Program Files (x86)\Java\jdk1.7.0_07\lib\dt.jar;C:\Program Files (x86)\Java\jdk1.7.0_07\lib\tools.jar;D:\tomcat6\lib\jsp-api.jar;
PATH=C:\Python27\;C:\Python27\Scripts;C:\MinGW\bin;C:\MinGW\msys\1.0\bin;C:\Windows\system32;C:\Windows;C:\Windows\System32\Wbem;C:\Windows\System32\WindowsPowerShell\v1.0\;C:\Program Files (x86)\Java\jdk1.7.0_07\bin;C:\Program Files (x86)\ATI Technologies\ATI.ACE\Core-Static;D:\Program Files (x86)\CodeBlocks\MinGW\bin;D:\Program Files (x86)\MATLAB\runtime\win64;D:\Program Files (x86)\MATLAB\bin;C:\Windows\system;C:\Windows\SysWOW64;C:\MinGW\msys\1.0\bin;F:\hw1\include;D:\FPC\2.6.2\bin\i386-Win32;C:\Program Files (x86)\Java\jdk1.7.0_07\bin;C:\Program Files (x86)\Java\jdk1.7.0_07\jre\bin;C:\Program Files (x86)\MySQL\MySQL Server 5.1\bin;D:\Program Files (x86)\adt\sdk\tools;D:\Program Files (x86)\adt\android_ndk;D:\adt-bundle-windows-x86-20140321\android_ndk;C:\Program Files (x86)\AMD\ATI.ACE\Core-Static;d:\CTEX\UserData\miktex\bin;d:\CTEX\MiKTeX\miktex\bin;d:\CTEX\CTeX\ctex\bin;d:\CTEX\CTeX\cct\bin;d:\CTEX\CTeX\ty\bin;d:\CTEX\Ghostscript\gs9.05\bin;d:\CTEX\GSview\gsview;d:\CTEX\WinEdt;C:\Python27;
USERNAME=wangsouc
OS=Windows_NT
PROCESSOR_IDENTIFIER=AMD64 Family 16 Model 5 Stepping 3, AuthenticAMD



---------------  S Y S T E M  ---------------

OS: Windows 7 Build 7601 Service Pack 1

CPU:total 4 (4 cores per cpu, 1 threads per core) family 16 model 5 stepping 3, cmov, cx8, fxsr, mmx, sse, sse2, sse3, mmxext, 3dnow, 3dnowext, sse4a

Memory: 4k page, physical 4189080k(1440292k free), swap 8376296k(4716964k free)

vm_info: Java HotSpot(TM) 64-Bit Server VM (14.3-b01) for windows-amd64 JRE (1.6.0_17-b04), built on Oct 11 2009 00:46:08 by "java_re" with MS VC++ 8.0

time: Fri Apr 10 20:41:43 2015
elapsed time: 5416 seconds

